This is pdfTeX, Version 3.14159265-2.6-1.40.17 (TeX Live 2016) (preloaded format=pdflatex 2017.5.8)  23 MAY 2017 11:03
entering extended mode
 restricted \write18 enabled.
 file:line:error style messages enabled.
 %&-line parsing enabled.
**abntex2-modelo-include-comandos.tex
(./abntex2-modelo-include-comandos.tex
LaTeX2e <2017/01/01> patch level 3
Babel <3.9r> and hyphenation patterns for 83 language(s) loaded.
./abntex2-modelo-include-comandos.tex:27: Undefined control sequence.
l.27 \chapter
             {Resultados de comandos}\label{cap_exemplos}
? 
./abntex2-modelo-include-comandos.tex:27: Emergency stop.
l.27 \chapter
             {Resultados de comandos}\label{cap_exemplos}
End of file on the terminal!

 
Here is how much of TeX's memory you used:
 5 strings out of 493013
 223 string characters out of 6133344
 53646 words of memory out of 5000000
 3649 multiletter control sequences out of 15000+600000
 3640 words of font info for 14 fonts, out of 8000000 for 9000
 1141 hyphenation exceptions out of 8191
 5i,0n,1p,118b,8s stack positions out of 5000i,500n,10000p,200000b,80000s
./abntex2-modelo-include-comandos.tex:27:  ==> Fatal error occurred, no output 
PDF file produced!
